Start testing: Dec 02 12:30 CET
----------------------------------------------------------
1/14 Testing: ParserTest
1/14 Test: ParserTest
Command: "/Users/michelebigi/VisualStudioCode/GitHub/IOC_Config/build/tests/test_parser"
Directory: /Users/michelebigi/VisualStudioCode/GitHub/IOC_Config/build/tests
"ParserTest" start time: Dec 02 12:30 CET
Output:
----------------------------------------------------------
Running OOP Parser Tests...
============================= 

Test: Basic OOP file parsing...
 object.
         .name = 'TestAsteroid'
         .id = '999'
Test: Basic OOP file parsing... PASS

Test: Propagation section...
 propag.
         .type = 'RK4'
         .step_size = 0.05
Test: Propagation section... PASS

Test: JSON serialization...
Test: JSON serialization... PASS

============================= 
All tests PASSED! ✓ 
<end of output>
Test time =   0.01 sec
----------------------------------------------------------
Test Passed.
"ParserTest" end time: Dec 02 12:30 CET
"ParserTest" time elapsed: 00:00:00
----------------------------------------------------------

2/14 Testing: BuilderTest
2/14 Test: BuilderTest
Command: "/Users/michelebigi/VisualStudioCode/GitHub/IOC_Config/build/tests/test_builder"
Directory: /Users/michelebigi/VisualStudioCode/GitHub/IOC_Config/build/tests
"BuilderTest" start time: Dec 02 12:30 CET
Output:
----------------------------------------------------------
Test: Config builder...

Configuration created with 3 sections

Built sections:
  object (2 parameters)
  time (2 parameters)
  search (2 parameters)

Test: Config builder... PASS
<end of output>
Test time =   0.01 sec
----------------------------------------------------------
Test Passed.
"BuilderTest" end time: Dec 02 12:30 CET
"BuilderTest" time elapsed: 00:00:00
----------------------------------------------------------

3/14 Testing: ConversionTest
3/14 Test: ConversionTest
Command: "/Users/michelebigi/VisualStudioCode/GitHub/IOC_Config/build/tests/test_conversion"
Directory: /Users/michelebigi/VisualStudioCode/GitHub/IOC_Config/build/tests
"ConversionTest" start time: Dec 02 12:30 CET
Output:
----------------------------------------------------------
Testing OOP <-> JSON Conversion...

Test: OOP -> JSON conversion
  Conversion failed!
<end of output>
Test time =   0.01 sec
----------------------------------------------------------
Test Failed.
"ConversionTest" end time: Dec 02 12:30 CET
"ConversionTest" time elapsed: 00:00:00
----------------------------------------------------------

4/14 Testing: JsonTest
4/14 Test: JsonTest
Command: "/Users/michelebigi/VisualStudioCode/GitHub/IOC_Config/build/tests/test_json"
Directory: /Users/michelebigi/VisualStudioCode/GitHub/IOC_Config/build/tests
"JsonTest" start time: Dec 02 12:30 CET
Output:
----------------------------------------------------------
IOC_Config - JSON Functionality Tests
=====================================

=== Test: JSON String Loading ===
✓ Successfully loaded JSON string
  Sections: 3
  - object: 2 params
  - search: 2 params
  - time: 2 params

=== Test: JSON String Output ===
✓ Generated JSON output:
{
  "object": {
    ".id": "17030",
    ".name": "Asteroid 17030"
  },
  "search": {
    ".max_magnitude": 16.0
  }
}

=== Test: JSON Object Conversion ===
✓ Successfully loaded from JSON object
✓ Converted back to JSON object
  Output: {
  "object": {
    "id": "17030",
    "name": "Test Asteroid"
  },
  "search": {
    "max_magnitude": 16.0
  },
  "time": {
    "end_date": "2025-12-02",
    "start_date": "2025-11-25"
  }
}

=== Test: Bidirectional Conversion ===

=== Test: Configuration Validation ===
✓ Configuration is valid

=====================================
All JSON tests completed! ✓
<end of output>
Test time =   0.01 sec
----------------------------------------------------------
Test Passed.
"JsonTest" end time: Dec 02 12:30 CET
"JsonTest" time elapsed: 00:00:00
----------------------------------------------------------

5/14 Testing: ConstraintsTest
5/14 Test: ConstraintsTest
Command: "/Users/michelebigi/VisualStudioCode/GitHub/IOC_Config/build/tests/test_constraints"
Directory: /Users/michelebigi/VisualStudioCode/GitHub/IOC_Config/build/tests
"ConstraintsTest" start time: Dec 02 12:30 CET
Output:
----------------------------------------------------------
IOC_Config - Advanced Validation and Constraints Tests
======================================================

=== Test: Constraint Expression Parsing ===
                   1..100 -> min=1 (inclusive=1), max=100 (inclusive=1)
                     1..N -> min=1 (inclusive=1), max=1e+308 (inclusive=1)
                   d >= 4 -> min=4 (inclusive=1), max=1e+308 (inclusive=1)
                 d <= 100 -> min=-1e+308 (inclusive=1), max=100 (inclusive=1)
                    d > 5 -> min=5 (inclusive=0), max=1e+308 (inclusive=1)
                   d < 30 -> min=-1e+308 (inclusive=1), max=30 (inclusive=0)
               5 < d < 30 -> min=5 (inclusive=0), max=30 (inclusive=0)
                0.001..10 -> min=0.001 (inclusive=1), max=10 (inclusive=1)

=== Test: Range Constraints ===
              1..100 value=    50 -> PASS ✓
              1..100 value=     0 -> FAIL ✓
              1..100 value=   101 -> FAIL ✓
              d >= 4 value=     5 -> PASS ✓
              d >= 4 value=     4 -> PASS ✓
              d >= 4 value=     3 -> FAIL ✓
            d <= 100 value=   100 -> PASS ✓
            d <= 100 value=   101 -> FAIL ✓
          5 < d < 30 value=    15 [min=5 inc=0, max=30 inc=0] -> PASS ✓
          5 < d < 30 value=     5 [min=5 inc=0, max=30 inc=0] -> FAIL ✓
          5 < d < 30 value=    30 [min=5 inc=0, max=30 inc=0] -> FAIL ✓
            d < 1000 value=   999 -> PASS ✓
            d < 1000 value=  1000 -> FAIL ✓
               d > 0 value=   0.1 -> PASS ✓
               d > 0 value=     0 -> FAIL ✓

Results: 15 passed, 0 failed

=== Test: Parameter Specifications ===
Parameter: magnitude
Required: no
Constraint: d < 20

Validation results:
  5.5 -> VALID
  15 -> VALID
  20 -> INVALID
  25 -> INVALID

=== Test: Section Specifications ===
Section: search
Required: yes
Parameters: 2
  - max_magnitude (required: no)
  - min_duration_sec (required: no)

=== Test: Schema Validation ===
Schema: IOoccultCalc Default (v1.0)
Sections: 5
  - database (required: no)
  - object (required: yes)
  - propag (required: no)
  - search (required: yes)
  - time (required: yes)

✓ Configuration is valid against schema

======================================================
All tests completed! ✓
<end of output>
Test time =   0.01 sec
----------------------------------------------------------
Test Passed.
"ConstraintsTest" end time: Dec 02 12:30 CET
"ConstraintsTest" time elapsed: 00:00:00
----------------------------------------------------------

6/14 Testing: BuilderSchemaTest
6/14 Test: BuilderSchemaTest
Command: "/Users/michelebigi/VisualStudioCode/GitHub/IOC_Config/build/tests/test_builder_schema"
Directory: /Users/michelebigi/VisualStudioCode/GitHub/IOC_Config/build/tests
"BuilderSchemaTest" start time: Dec 02 12:30 CET
Output:
----------------------------------------------------------
Assertion failed: (mag_prop.contains("maximum")), function testSchemaWithConstraints, file test_builder_schema.cpp, line 224.

IOC_Config - ConfigBuilder and Schema Export Tests
====================================================

=== Test: ConfigBuilder Fluent API ===
✓ Created 3 sections
✓ Object section has correct parameters
✓ Time section has 2 parameters

Section names: object time search 

Test: ConfigBuilder... PASS

=== Test: Method Chaining ===
✓ Method chaining works correctly
Test: Method Chaining... PASS

=== Test: Builder Clear ===
✓ Clear resets builder correctly
Test: Builder Clear... PASS

=== Test: Schema JSON Export ===
✓ JSON Schema has correct structure
✓ JSON Schema contains all sections
✓ JSON Schema marks required sections

JSON Schema (excerpt):
{
  "$schema": "http://json-schema.org/draft-07/schema#",
  "properties": {
    "database": {
      "description": "Database configuration",
      "properties": {},
      "type": "object"
    },
    "object": {
      "description": "Target object specification",
      "properties": {
        "id": {
          "description": "Object identifier",
          "type": "string"
        },
        "name": {
          "description": "Object name",
          "type": "string"
        }
      },
      "requ...

Test: Schema JSON Export... PASS

=== Test: Schema Save to File ===
✓ Schema saved to /tmp/ioc_schema.json
✓ File contains valid JSON Schema
Test: Schema Save to File... PASS

=== Test: Schema JSON with Constraints ===
<end of output>
Test time =   0.02 sec
----------------------------------------------------------
Test Failed.
"BuilderSchemaTest" end time: Dec 02 12:30 CET
"BuilderSchemaTest" time elapsed: 00:00:00
----------------------------------------------------------

7/14 Testing: YamlTest
7/14 Test: YamlTest
Command: "/Users/michelebigi/VisualStudioCode/GitHub/IOC_Config/build/tests/test_yaml"
Directory: /Users/michelebigi/VisualStudioCode/GitHub/IOC_Config/build/tests
"YamlTest" start time: Dec 02 12:30 CET
Output:
----------------------------------------------------------
IOC_Config - YAML Support Test Suite
====================================

⚠ YAML support is NOT enabled
To enable YAML support:
  macOS: brew install yaml-cpp
  Linux: apt-get install libyaml-cpp-dev
  Then rebuild the project

=== Test 1: Stubs return false gracefully ===
YAML support not available (yaml-cpp not found)
YAML support not available (yaml-cpp not found)
YAML support not available (yaml-cpp not found)
YAML support not available (yaml-cpp not found)
✓ PASS: All YAML stubs return gracefully when disabled
====================================
Test Results
====================================
Passed: 1
Failed: 0
Total:  1

✓ All tests passed!
<end of output>
Test time =   0.01 sec
----------------------------------------------------------
Test Passed.
"YamlTest" end time: Dec 02 12:30 CET
"YamlTest" time elapsed: 00:00:00
----------------------------------------------------------

8/14 Testing: MergeDiffTest
8/14 Test: MergeDiffTest
Command: "/Users/michelebigi/VisualStudioCode/GitHub/IOC_Config/build/tests/test_merge_diff"
Directory: /Users/michelebigi/VisualStudioCode/GitHub/IOC_Config/build/tests
"MergeDiffTest" start time: Dec 02 12:30 CET
Output:
----------------------------------------------------------

==================================================
  Testing Merge, Diff, Clone & Query Operations
==================================================

Test: Merge with REPLACE strategy... PASS
Test: Merge with APPEND strategy... PASS
Test: Diff functionality... PASS
Test: Diff report generation... PASS
Test: Diff as JSON... PASS
Test: Clone functionality... PASS
Test: copyFrom functionality... PASS
Test: isEmpty functionality... PASS
Test: getParametersWhere with predicate... PASS
Test: getParametersByKeyPattern... PASS
Test: getParametersByValuePattern... PASS
Test: getParametersByType... PASS

==================================================
Results: 12 passed, 0 failed
All tests PASSED! ✓
==================================================

<end of output>
Test time =   0.01 sec
----------------------------------------------------------
Test Passed.
"MergeDiffTest" end time: Dec 02 12:30 CET
"MergeDiffTest" time elapsed: 00:00:00
----------------------------------------------------------

9/14 Testing: PathAccessTest
9/14 Test: PathAccessTest
Command: "/Users/michelebigi/VisualStudioCode/GitHub/IOC_Config/build/tests/test_path_access"
Directory: /Users/michelebigi/VisualStudioCode/GitHub/IOC_Config/build/tests
"PathAccessTest" start time: Dec 02 12:30 CET
Output:
----------------------------------------------------------

==================================================
  Testing RFC 6901 Path-Based Access
==================================================

Test: Path parsing... PASS
Test: Path escaping/unescaping... PASS
Test: getValueByPath... PASS
Test: setValueByPath... PASS
Test: hasPath... PASS
Test: deleteByPath... PASS
Test: getAllPaths... PASS
Test: Special characters in paths... PASS
Test: Root path retrieval... PASS
Test: Section path retrieval... PASS

==================================================
Results: 10 passed, 0 failed
All tests PASSED! ✓
==================================================

<end of output>
Test time =   0.01 sec
----------------------------------------------------------
Test Passed.
"PathAccessTest" end time: Dec 02 12:30 CET
"PathAccessTest" time elapsed: 00:00:00
----------------------------------------------------------

10/14 Testing: XmlTest
10/14 Test: XmlTest
Command: "/Users/michelebigi/VisualStudioCode/GitHub/IOC_Config/build/tests/test_xml"
Directory: /Users/michelebigi/VisualStudioCode/GitHub/IOC_Config/build/tests
"XmlTest" start time: Dec 02 12:30 CET
Output:
----------------------------------------------------------
Assertion failed: (content->value == "Vesta Asteroid" && "Content should be preserved"), function testXmlWithContent, file test_xml.cpp, line 97.

==================================================
  Testing XML Format Support
==================================================

Test: XML support available... PASS
Test: Load from XML string... PASS
Test: XML with text content... 
<end of output>
Test time =   0.01 sec
----------------------------------------------------------
Test Failed.
"XmlTest" end time: Dec 02 12:30 CET
"XmlTest" time elapsed: 00:00:00
----------------------------------------------------------

11/14 Testing: CsvTest
11/14 Test: CsvTest
Command: "/Users/michelebigi/VisualStudioCode/GitHub/IOC_Config/build/tests/test_csv"
Directory: /Users/michelebigi/VisualStudioCode/GitHub/IOC_Config/build/tests
"CsvTest" start time: Dec 02 12:30 CET
Output:
----------------------------------------------------------
Assertion failed: (mag != nullptr && "Should have magnitude parameter"), function testLoadFromCsvString, file test_csv.cpp, line 74.

==================================================
  Testing CSV Format Support
==================================================

Test: CSV delimiter detection... PASS
Test: Load from CSV string... 
<end of output>
Test time =   0.01 sec
----------------------------------------------------------
Test Failed.
"CsvTest" end time: Dec 02 12:30 CET
"CsvTest" time elapsed: 00:00:00
----------------------------------------------------------

12/14 Testing: BatchTest
12/14 Test: BatchTest
Command: "/Users/michelebigi/VisualStudioCode/GitHub/IOC_Config/build/tests/test_batch"
Directory: /Users/michelebigi/VisualStudioCode/GitHub/IOC_Config/build/tests
"BatchTest" start time: Dec 02 12:30 CET
Output:
----------------------------------------------------------
Assertion failed: (stats.successful_operations == 3), function testBatchValidateAllSuccess, file test_batch.cpp, line 53.

==================================================
  Testing Batch Operations Support (Phase 2B.1)
==================================================

<end of output>
Test time =   0.02 sec
----------------------------------------------------------
Test Failed.
"BatchTest" end time: Dec 02 12:30 CET
"BatchTest" time elapsed: 00:00:00
----------------------------------------------------------

13/14 Testing: StreamingTest
13/14 Test: StreamingTest
Command: "/Users/michelebigi/VisualStudioCode/GitHub/IOC_Config/build/tests/test_streaming"
Directory: /Users/michelebigi/VisualStudioCode/GitHub/IOC_Config/build/tests
"StreamingTest" start time: Dec 02 12:30 CET
Output:
----------------------------------------------------------

==================================================
  Testing Streaming I/O Operations (Phase 2B.2)
==================================================

✓ Test: Load from string stream... PASS
✓ Test: Save to string stream... PASS
✓ Test: Stream round-trip... PASS
✓ Test: Load from file stream... PASS
✓ Test: Save to file stream... PASS
✓ Test: Load from stream empty... PASS
✓ Test: Load from stream with comments... PASS
✓ Test: Load from stream data types... PASS
✓ Test: Stream preserves content... PASS
✓ Test: Stream special characters... PASS
✓ Test: Multiple stream operations... PASS

==================================================
Results: 11 passed, 0 failed
All tests PASSED! ✓
==================================================

<end of output>
Test time =   0.01 sec
----------------------------------------------------------
Test Passed.
"StreamingTest" end time: Dec 02 12:30 CET
"StreamingTest" time elapsed: 00:00:00
----------------------------------------------------------

14/14 Testing: VersioningTest
14/14 Test: VersioningTest
Command: "/Users/michelebigi/VisualStudioCode/GitHub/IOC_Config/build/tests/test_versioning"
Directory: /Users/michelebigi/VisualStudioCode/GitHub/IOC_Config/build/tests
"VersioningTest" start time: Dec 02 12:30 CET
Output:
----------------------------------------------------------

=== Phase 2B.3: Versioning Tests ===
Test 1: Enable/Disable ... PASS
Test 2: Create versions ... PASS
Test 3: Get history ... PASS
Test 4: Rollback ... PASS
Test 5: Rollback previous ... PASS
Test 6: Invalid rollback ... Version 99 not found in history
PASS
Test 7: Clear history ... PASS
Test 8: Disabled operations ... PASS
Test 9: Snapshots independent ... PASS
Test 10: JSON export ... PASS
Test 11: Version descriptions ... PASS
Test 12: Version timestamps ... PASS

=== Summary ===
Total: 12 | Pass: 12 | Fail: 0
<end of output>
Test time =   0.01 sec
----------------------------------------------------------
Test Passed.
"VersioningTest" end time: Dec 02 12:30 CET
"VersioningTest" time elapsed: 00:00:00
----------------------------------------------------------

End testing: Dec 02 12:30 CET
